// TODO -----------------------------------------------------------------------

 o 
 o 

// DONE -----------------------------------------------------------------------
2020-07-13
 - add progress variant
 
2020-07-09
 - add banner variant
 - add checkbox variant

2020-07-07
 - update table variant issue
 - add banner

2020-07-06
 - update checkbox and radio variation
 - add switch and file input type
 - add custom-form scss

2020-07-02
 - add form layout
 - add more form variation
 - add checkbox and radio variation
 - update index page to show more content

2020-06-29
 - complete carousel review
 - add form controls
 - add validation states
 - add custom form controls

2020-06-25
 - add nunjucks example for documentation site 
 - add build/dev/serve script 

2020-06-23
 - add carousel to review
 - add dropdown
 - add auto prefix script in package

2020-06-22
 - add alert heading
 - add card styles and variants

2020-06-18
 - rewrite table scss
 - review badges/list

2020-06-16
 - chg accordion heading to override heading font family
 - add button group
 - add font family with font style, simplify the mixins

2020-06-15
 - chg accordion line height to work with long header
 - chg accordion line height+padding to give same results as USWDS

2020-06-11
 - chg badges default
 - adding accordion icon

2020-06-08
 - chg body font color 
 - chg font size to 1rem (based on discussion wuth UX leads)
 - adding bordered accordion
 

2020-06-04
 - Setup default fonts 
 - chg build and dev script 

2020-06-02
 - Setup alert icons and add material icons

2020-06-01
 - Setup alert styles
  ^ add alert colors

2020-05-26
 - Setup button size
  ^ add button large
 - Add outline button variables
 - update scss code to be more precise 

2020-05-26
 - Setup button colors
  ^ add colors scss
  

2020-05-21
 - Setup foundation of the project
  ^ add build/dev scripts
  ^ add prettier scripts
  ^ add dependencies

